<?xml version="1.0" encoding="UTF-8"?>
<!-- Generated by org.testng.reporters.JUnitReportReporter -->
<testsuite skipped="0" hostname="DESKTOP-9QC49C6" name="testtNG.dependancyManage" tests="3" failures="0" timestamp="2020-02-02T11:41:19 IST" time="0.000" errors="0">
  <testcase name="highSchool" time="0.000" classname="testtNG.dependancyManage"/>
  <testcase name="engineering" time="0.000" classname="testtNG.dependancyManage"/>
  <testcase name="secondarySchool" time="0.000" classname="testtNG.dependancyManage"/>
</testsuite> <!-- testtNG.dependancyManage -->
