<?xml version="1.0" encoding="UTF-8"?>
<!-- Generated by org.testng.reporters.JUnitReportReporter -->
<testsuite skipped="1" hostname="DESKTOP-9QC49C6" name="testNG.skipATest" tests="6" failures="0" timestamp="2020-02-01T20:25:55 IST" time="0.006" errors="0">
  <testcase name="startACar" time="0.006" classname="testNG.skipATest"/>
  <testcase name="putFirstGear" time="0.000" classname="testNG.skipATest"/>
  <testcase name="putSecondGear" time="0.000" classname="testNG.skipATest"/>
  <testcase name="putThirdGear" time="0.000" classname="testNG.skipATest"/>
  <testcase name="putFourthGear" time="0.000" classname="testNG.skipATest"/>
  <testcase name="startMusic" classname="testNG.skipATest">
    <skipped/>
  </testcase> <!-- startMusic -->
</testsuite> <!-- testNG.skipATest -->
