<?xml version="1.0" encoding="UTF-8"?>
<!-- Generated by org.testng.reporters.JUnitReportReporter -->
<testsuite skipped="0" hostname="DESKTOP-9QC49C6" name="testNG.dependancyManage" tests="3" failures="0" timestamp="2020-02-01T21:12:33 IST" time="0.016" errors="0">
  <testcase name="highSchool" time="0.016" classname="testNG.dependancyManage"/>
  <testcase name="engineering" time="0.000" classname="testNG.dependancyManage"/>
  <testcase name="secondarySchool" time="0.000" classname="testNG.dependancyManage"/>
</testsuite> <!-- testNG.dependancyManage -->
