<?xml version="1.0" encoding="UTF-8"?>
<!-- Generated by org.testng.reporters.JUnitReportReporter -->
<testsuite skipped="0" hostname="DESKTOP-9QC49C6" name="testNG.priorityExample" tests="5" failures="0" timestamp="2020-02-01T20:13:59 IST" time="0.038" errors="0">
  <testcase name="startACar" time="0.015" classname="testNG.priorityExample"/>
  <testcase name="putFirstGear" time="0.000" classname="testNG.priorityExample"/>
  <testcase name="putSecondGear" time="0.016" classname="testNG.priorityExample"/>
  <testcase name="putThirdGear" time="0.007" classname="testNG.priorityExample"/>
  <testcase name="putFourthGear" time="0.000" classname="testNG.priorityExample"/>
</testsuite> <!-- testNG.priorityExample -->
