<?xml version="1.0" encoding="UTF-8"?>
<!-- Generated by org.testng.reporters.JUnitReportReporter -->
<testsuite skipped="0" hostname="DESKTOP-9QC49C6" name="testtNG.AllSuitesHierarchy" tests="2" failures="0" timestamp="2020-02-03T19:07:36 IST" time="0.009" errors="0">
  <testcase name="test1" time="0.003" classname="testtNG.AllSuitesHierarchy"/>
  <testcase name="test" time="0.006" classname="testtNG.AllSuitesHierarchy"/>
</testsuite> <!-- testtNG.AllSuitesHierarchy -->
