<?xml version="1.0" encoding="UTF-8"?>
<!-- Generated by org.testng.reporters.JUnitReportReporter -->
<testsuite skipped="0" hostname="DESKTOP-9QC49C6" name="testNG.sampleTest" tests="3" failures="0" timestamp="2020-02-01T19:57:42 IST" time="0.015" errors="0">
  <testcase name="secondCase" time="0.000" classname="testNG.sampleTest"/>
  <testcase name="thirdTestcase" time="0.000" classname="testNG.sampleTest"/>
  <testcase name="firstCase" time="0.015" classname="testNG.sampleTest"/>
</testsuite> <!-- testNG.sampleTest -->
