<?xml version="1.0" encoding="UTF-8"?>
<!-- Generated by org.testng.reporters.JUnitReportReporter -->
<testsuite skipped="0" hostname="DESKTOP-9QC49C6" name="testtNG.parallelRunProcess" tests="2" failures="0" timestamp="2020-02-02T16:13:20 IST" time="27.761" errors="0">
  <testcase name="openGoogle" time="20.786" classname="testtNG.parallelRunProcess"/>
  <testcase name="openBing" time="6.975" classname="testtNG.parallelRunProcess"/>
</testsuite> <!-- testtNG.parallelRunProcess -->
