<?xml version="1.0" encoding="UTF-8"?>
<!-- Generated by org.testng.reporters.JUnitReportReporter -->
<testsuite skipped="0" hostname="DESKTOP-9QC49C6" name="NewTest" tests="1" failures="0" timestamp="2020-02-02T18:09:55 IST" time="0.000" errors="0">
  <testcase name="test" time="0.000" classname="NewTest"/>
</testsuite> <!-- NewTest -->
