<?xml version="1.0" encoding="UTF-8"?>
<!-- Generated by org.testng.reporters.JUnitReportReporter -->
<testsuite skipped="0" hostname="DESKTOP-9QC49C6" name="testNG.suiteExample" tests="3" failures="0" timestamp="2020-02-02T10:59:21 IST" time="24.591" errors="0">
  <testcase name="openBing" time="1.404" classname="testNG.suiteExample"/>
  <testcase name="openYahoo" time="19.012" classname="testNG.suiteExample"/>
  <testcase name="openGoogle" time="4.175" classname="testNG.suiteExample"/>
</testsuite> <!-- testNG.suiteExample -->
