<?xml version="1.0" encoding="UTF-8"?>
<!-- Generated by org.testng.reporters.JUnitReportReporter -->
<testsuite skipped="0" hostname="DESKTOP-9QC49C6" name="testtNG.paraMeterization" tests="1" failures="0" timestamp="2020-02-02T15:41:25 IST" time="0.000" errors="0">
  <testcase name="printName" time="0.000" classname="testtNG.paraMeterization"/>
</testsuite> <!-- testtNG.paraMeterization -->
