<?xml version="1.0" encoding="UTF-8"?>
<!-- Generated by org.testng.reporters.JUnitReportReporter -->
<testsuite skipped="0" hostname="DESKTOP-9QC49C6" name="testtNG.grouping" tests="4" failures="0" timestamp="2020-02-02T12:51:31 IST" time="0.016" errors="0">
  <testcase name="Moto2" time="0.000" classname="testtNG.grouping"/>
  <testcase name="Moto1" time="0.000" classname="testtNG.grouping"/>
  <testcase name="Apple1" time="0.016" classname="testtNG.grouping"/>
  <testcase name="Apple2" time="0.000" classname="testtNG.grouping"/>
</testsuite> <!-- testtNG.grouping -->
