<?xml version="1.0" encoding="UTF-8"?>
<!-- Generated by org.testng.reporters.JUnitReportReporter -->
<testsuite skipped="0" hostname="DESKTOP-9QC49C6" name="testtNG.sampleTest" tests="3" failures="0" timestamp="2020-02-28T11:22:44 IST" time="0.015" errors="0">
  <testcase name="secondCase" time="0.001" classname="testtNG.sampleTest"/>
  <testcase name="firstCase" time="0.013" classname="testtNG.sampleTest"/>
  <testcase name="thirdTestcase" time="0.001" classname="testtNG.sampleTest"/>
</testsuite> <!-- testtNG.sampleTest -->
