<?xml version="1.0" encoding="UTF-8"?>
<!-- Generated by org.testng.reporters.JUnitReportReporter -->
<testsuite skipped="0" hostname="DESKTOP-9QC49C6" name="loginTestCases.loginTestCase" tests="4" failures="0" timestamp="2020-02-05T10:53:30 IST" time="68.641" errors="0">
  <testcase name="loginTestCase" time="11.240" classname="loginTestCases.loginTestCase"/>
  <testcase name="loginTestCase" time="18.690" classname="loginTestCases.loginTestCase"/>
  <testcase name="loginTestCase" time="19.548" classname="loginTestCases.loginTestCase"/>
  <testcase name="loginTestCase" time="19.163" classname="loginTestCases.loginTestCase"/>
</testsuite> <!-- loginTestCases.loginTestCase -->
