<?xml version="1.0" encoding="UTF-8"?>
<!-- Generated by org.testng.reporters.JUnitReportReporter -->
<testsuite skipped="0" hostname="DESKTOP-9QC49C6" name="loginTestCases.usingDatadriven" tests="4" failures="0" timestamp="2020-02-05T11:41:11 IST" time="3.813" errors="0">
  <testcase name="loginTestCase" time="0.952" classname="loginTestCases.usingDatadriven"/>
  <testcase name="loginTestCase" time="0.722" classname="loginTestCases.usingDatadriven"/>
  <testcase name="loginTestCase" time="1.439" classname="loginTestCases.usingDatadriven"/>
  <testcase name="loginTestCase" time="0.700" classname="loginTestCases.usingDatadriven"/>
</testsuite> <!-- loginTestCases.usingDatadriven -->
